Сборка начата 06.03.2014 15:57:36.
     1>Проект "d:\MySRC\c\glbasecamp\task3\task3_2\task3_2\task3_2.vcxproj" в узле 2 (целевые объекты Build).
     1>InitializeBuildStatus:
         Создание "Debug\task3_2.tlog\unsuccessfulbuild", так как было задано "AlwaysCreate".
       ClCompile:
         C:\Program Files (x86)\Microsoft Visual Studio 12.0\VC\bin\CL.exe /c /ZI /nologo /Wall /WX- /sdl /Od /Oy- /D WIN32 /D _DEBUG /D _CONSOLE /D _LIB /D _UNICODE /D UNICODE /Gm /EHsc /RTC1 /MTd /GS /fp:precise /Zc:wchar_t /Zc:forScope /Fo"Debug\\" /Fd"Debug\vc120.pdb" /Gd /TC /analyze- /errorReport:prompt main.c task3_2_funcs.c
         task3_2_funcs.c
         main.c
     1>d:\mysrc\c\glbasecamp\task3\task3_2\task3_2\main.c(12): warning C4242: функция: преобразование "time_t" в "unsigned int", возможна потеря данных
         Создание кода...
       Link:
         C:\Program Files (x86)\Microsoft Visual Studio 12.0\VC\bin\link.exe /ERRORREPORT:PROMPT /OUT:"D:\MySRC\c\glbasecamp\task3\task3_2\Debug\task3_2.exe" /INCREMENTAL /NOLOGO kernel32.lib user32.lib gdi32.lib winspool.lib comdlg32.lib advapi32.lib shell32.lib ole32.lib oleaut32.lib uuid.lib odbc32.lib odbccp32.lib /MANIFEST /MANIFESTUAC:"level='asInvoker' uiAccess='false'" /manifest:embed /DEBUG /PDB:"D:\MySRC\c\glbasecamp\task3\task3_2\Debug\task3_2.pdb" /SUBSYSTEM:CONSOLE /TLBID:1 /DYNAMICBASE /NXCOMPAT /IMPLIB:"D:\MySRC\c\glbasecamp\task3\task3_2\Debug\task3_2.lib" /MACHINE:X86 Debug\main.obj
         Debug\task3_2_funcs.obj
         task3_2.vcxproj -> D:\MySRC\c\glbasecamp\task3\task3_2\Debug\task3_2.exe
       FinalizeBuildStatus:
         Файл "Debug\task3_2.tlog\unsuccessfulbuild" удаляется.
         Обращение к "Debug\task3_2.tlog\task3_2.lastbuildstate".
     1>Сборка проекта "d:\MySRC\c\glbasecamp\task3\task3_2\task3_2\task3_2.vcxproj" завершена (целевые объекты Build).

Сборка успешно завершена.

Затраченное время: 00:00:00.64
